
2010.12.14 14:39:21 (Tue)------------Start of Session-----------------
Blat v2.6.2 w/GSS encryption (build : Feb 25 2007 12:06:19)
Sending stdin.txt to ailtonzsilva@gmail.com
Subject: AZS_003-10
Login name is ailton@f4computer.com
2010.12.14 14:39:31 (Tue)-------------End of Session------------------

2010.12.14 14:39:57 (Tue)------------Start of Session-----------------
Blat v2.6.2 w/GSS encryption (build : Feb 25 2007 12:06:19)
Sending stdin.txt to ailtonzsilva@gmail.com
Subject: AZS_003-10
Login name is ailton@f4computer.com
2010.12.14 14:40:06 (Tue)-------------End of Session------------------

2010.12.14 14:44:34 (Tue)------------Start of Session-----------------
Blat v2.6.2 w/GSS encryption (build : Feb 25 2007 12:06:19)
Sending stdin.txt to ailtonzsilva@gmail.com
Subject: AZS_003-10
Login name is ailton@f4computer.com
The SMTP server does not require AUTH LOGIN.
Are you sure server supports AUTH?
The SMTP server does not like the sender name.
Have you set your mail address correctly?
2010.12.14 14:44:39 (Tue)-------------End of Session------------------

2010.12.14 14:45:05 (Tue)------------Start of Session-----------------
Blat v2.6.2 w/GSS encryption (build : Feb 25 2007 12:06:19)
Sending stdin.txt to ailtonzsilva@gmail.com
Subject: AZS_006-10
Login name is ailton@f4computer.com
The SMTP server does not require AUTH LOGIN.
Are you sure server supports AUTH?
The SMTP server does not like the sender name.
Have you set your mail address correctly?
2010.12.14 14:45:11 (Tue)-------------End of Session------------------

2010.12.14 14:45:38 (Tue)------------Start of Session-----------------
Blat v2.6.2 w/GSS encryption (build : Feb 25 2007 12:06:19)
Sending stdin.txt to ailtonzsilva@gmail.com
Subject: AZS_006-10
Login name is ailton@f4computer.com
The SMTP server does not require AUTH LOGIN.
Are you sure server supports AUTH?
The SMTP server does not like the sender name.
Have you set your mail address correctly?
2010.12.14 14:45:43 (Tue)-------------End of Session------------------
